Arguments: 
  C:\Program Files\nodejs\node.exe C:\Program Files (x86)\Yarn\bin\yarn.js dev

PATH: 
  C:\Users\hearsh.m\bin;C:\Program Files\Git\mingw64\bin;C:\Program Files\Git\usr\local\bin;C:\Program Files\Git\usr\bin;C:\Program Files\Git\usr\bin;C:\Program Files\Git\mingw64\bin;C:\Program Files\Git\usr\bin;C:\Users\hearsh.m\bin;C:\Program Files (x86)\Common Files\Oracle\Java\javapath;C:\Program Files (x86)\NVIDIA Corporation\PhysX\Common;C:\ProgramData\Oracle\Java\javapath;C:\Program Files (x86)\Intel\iCLS Client;C:\Program Files\Intel\iCLS Client;C:\WINDOWS\system32;C:\WINDOWS;C:\WINDOWS\System32\Wbem;C:\WINDOWS\System32\WindowsPowerShell\v1.0;C:\Program Files\Lenovo\Fingerprint Manager Pro;C:\ProgramData\Lenovo\ReadyApps;C:\Program Files (x86)\Intel\Intel(R) Management Engine Components\DAL;C:\Program Files\Intel\Intel(R) Management Engine Components\DAL;C:\Program Files (x86)\Intel\Intel(R) Management Engine Components\IPT;C:\Program Files\Intel\Intel(R) Management Engine Components\IPT;C:\Program Files (x86)\Skype\Phone;C:\Program Files (x86)\PharosSystems\Core;C:\Program Files\PuTTY;C:\xampp\php;C:\ProgramData\ComposerSetup\bin;C:\WINDOWS\System32\OpenSSH;C:\Program Files\Intel\WiFi\bin;C:\Program Files\Common Files\Intel\WirelessCommon;C:\Program Files (x86)\Yarn\bin;C:\Program Files\nodejs;C:\Program Files (x86)\Java\jdk1.6.0_45\bin;C:\Users\hearsh.m\AppData\Local\Programs\Python\Python36-32\Scripts;C:\Users\hearsh.m\AppData\Local\Programs\Python\Python36-32;C:\Users\hearsh.m\AppData\Local\Microsoft\WindowsApps;C:\Users\hearsh.m\AppData\Local\atom\bin;C:\Users\hearsh.m\AppData\Local\Microsoft\WindowsApps;C:\Users\hearsh.m\AppData\Roaming\Composer\vendor\bin;C:\Program Files\Intel\WiFi\bin;C:\Program Files\Common Files\Intel\WirelessCommon;C:\Users\hearsh.m\AppData\Local\Yarn\bin;C:\Users\hearsh.m\AppData\Roaming\npm;C:\Program Files\Git\usr\bin\vendor_perl;C:\Program Files\Git\usr\bin\core_perl

Yarn version: 
  1.7.0

Node version: 
  8.11.3

Platform: 
  win32 x64

Trace: 
  SyntaxError: C:\ibmHack\package.json: Unexpected string in JSON at position 381
      at JSON.parse (<anonymous>)
      at C:\Program Files (x86)\Yarn\lib\cli.js:1130:59
      at Generator.next (<anonymous>)
      at step (C:\Program Files (x86)\Yarn\lib\cli.js:98:30)
      at C:\Program Files (x86)\Yarn\lib\cli.js:109:13
      at <anonymous>

npm manifest: 
  {
    "name": "hackthishelpkids",
    "version": "1.0.0",
    "description": "A Patient/Trial website.",
    "main": "server.js",
    "scripts": {
      "client-install": "npm install --prefix client",
      "start": "node server.js",
      "server": "nodemon server.js",
      "client": "cd client && yarn start",
      "dev": "concurrently --kill-others-on-fail \"yarn server\" \"yarn client\""
      "heroku-postbuild": "NPM_CONFIG_PRODUCTION=false npm install --prefix client && npm run build --prefix client"
    },
    "author": "Ashutosh Burde",
    "license": "ISC",
    "dependencies": {
      "bcrypt": "^3.0.1",
      "bcryptjs": "^2.4.3",
      "express": "^4.16.3",
      "gravatar": "^1.6.0",
      "jsonwebtoken": "^8.3.0",
      "mongoose": "^5.3.1",
      "passport": "^0.4.0",
      "passport-jwt": "^4.0.0",
      "validator": "^10.8.0"
    },
    "devDependencies": {
      "nodemon": "^1.18.4"
    }
  }

yarn manifest: 
  No manifest

Lockfile: 
  No lockfile
